<?xml version="1.0" encoding="UTF-8"?>
<!-- Generated by org.testng.reporters.JUnitReportReporter -->
<testsuite hostname="PKLAPTOP" name="com.hrms.hwtasks.RegisterEmailEtsy" tests="1" failures="0" timestamp="4 Feb 2021 00:09:34 GMT" time="28.375" errors="0">
  <testcase name="verifyEmail" time="28.375" classname="com.hrms.hwtasks.RegisterEmailEtsy"/>
</testsuite> <!-- com.hrms.hwtasks.RegisterEmailEtsy -->
