<?xml version="1.0" encoding="UTF-8"?>
<!-- Generated by org.testng.reporters.JUnitReportReporter -->
<testsuite hostname="PKLAPTOP" name="com.hrms.hwtasks.verifyItemEtsy" tests="1" failures="0" timestamp="3 Feb 2021 21:08:13 GMT" time="17.904" errors="0">
  <testcase name="verifyItemCart" time="17.904" classname="com.hrms.hwtasks.verifyItemEtsy"/>
</testsuite> <!-- com.hrms.hwtasks.verifyItemEtsy -->
