<?xml version="1.0" encoding="UTF-8"?>
<!-- Generated by org.testng.reporters.JUnitReportReporter -->
<testsuite hostname="PKLAPTOP" name="com.hrms.tests.dataProvider" tests="3" failures="0" timestamp="29 Jan 2021 00:46:36 GMT" time="0.022" errors="0">
  <testcase name="myTest" time="0.006" classname="com.hrms.tests.dataProvider"/>
  <testcase name="myTest" time="0.011" classname="com.hrms.tests.dataProvider"/>
  <testcase name="myTest" time="0.005" classname="com.hrms.tests.dataProvider"/>
</testsuite> <!-- com.hrms.tests.dataProvider -->
