<?xml version="1.0" encoding="UTF-8"?>
<!-- Generated by org.testng.reporters.JUnitReportReporter -->
<testsuite hostname="PKLAPTOP" name="com.hrms.tests.priorityTesing" tests="1" failures="0" timestamp="28 Jan 2021 21:37:07 GMT" time="0.013" errors="0">
  <testcase name="test5" time="0.013" classname="com.hrms.tests.priorityTesing"/>
</testsuite> <!-- com.hrms.tests.priorityTesing -->
