<?xml version="1.0" encoding="UTF-8"?>
<!-- Generated by org.testng.reporters.JUnitReportReporter -->
<testsuite hostname="PKLAPTOP" name="com.hrms.tests.OrangeHRM_LoginTests" tests="5" failures="0" timestamp="29 Jan 2021 22:44:21 GMT" time="17.581" errors="0">
  <testcase name="invalidUserInvalidPass" time="3.619" classname="com.hrms.tests.OrangeHRM_LoginTests"/>
  <testcase name="invalidUservalidPass" time="3.623" classname="com.hrms.tests.OrangeHRM_LoginTests"/>
  <testcase name="validUserinvalidPass" time="3.594" classname="com.hrms.tests.OrangeHRM_LoginTests"/>
  <testcase name="blankUserValidPass" time="3.300" classname="com.hrms.tests.OrangeHRM_LoginTests"/>
  <testcase name="validUserBlankPass" time="3.445" classname="com.hrms.tests.OrangeHRM_LoginTests"/>
</testsuite> <!-- com.hrms.tests.OrangeHRM_LoginTests -->
