<?xml version="1.0" encoding="UTF-8"?>
<!-- Generated by org.testng.reporters.JUnitReportReporter -->
<testsuite hostname="PKLAPTOP" name="com.hrms.hwtasks.verifyItemEtsy" tests="1" failures="0" timestamp="4 Feb 2021 19:18:26 GMT" time="20.028" errors="0">
  <testcase name="verifyItemCart" time="20.028" classname="com.hrms.hwtasks.verifyItemEtsy"/>
</testsuite> <!-- com.hrms.hwtasks.verifyItemEtsy -->
