<?xml version="1.0" encoding="UTF-8"?>
<!-- Generated by org.testng.reporters.JUnitReportReporter -->
<testsuite hostname="PKLAPTOP" name="com.hrms.tests.AddedNationality$LoginTest" tests="1" failures="0" timestamp="3 Feb 2021 06:15:31 GMT" time="14.496" errors="0">
  <testcase name="addCountry" time="14.496" classname="com.hrms.tests.AddedNationality$LoginTest"/>
</testsuite> <!-- com.hrms.tests.AddedNationality$LoginTest -->
