<?xml version="1.0" encoding="UTF-8"?>
<!-- Generated by org.testng.reporters.JUnitReportReporter -->
<testsuite hostname="PKLAPTOP" name="com.hrms.tests.OrangeHRM_LoginTests" tests="1" failures="0" timestamp="29 Jan 2021 19:14:46 GMT" time="5.762" errors="0">
  <testcase name="beforeMyMethod" time="5.762" classname="com.hrms.tests.OrangeHRM_LoginTests"/>
</testsuite> <!-- com.hrms.tests.OrangeHRM_LoginTests -->
