<?xml version="1.0" encoding="UTF-8"?>
<!-- Generated by org.testng.reporters.JUnitReportReporter -->
<testsuite hostname="PKLAPTOP" name="com.hrms.tests.OpenBrowser" tests="1" failures="0" timestamp="28 Jan 2021 03:00:57 GMT" time="4.221" errors="0">
  <testcase name="test1" time="4.221" classname="com.hrms.tests.OpenBrowser"/>
</testsuite> <!-- com.hrms.tests.OpenBrowser -->
