<?xml version="1.0" encoding="UTF-8"?>
<!-- Generated by org.testng.reporters.JUnitReportReporter -->
<testsuite hostname="PKLAPTOP" name="com.hrms.hwtasks.RegisterEmailEtsy" tests="1" failures="0" timestamp="4 Feb 2021 19:32:35 GMT" time="49.912" errors="0">
  <testcase name="verifyEmail" time="49.912" classname="com.hrms.hwtasks.RegisterEmailEtsy"/>
</testsuite> <!-- com.hrms.hwtasks.RegisterEmailEtsy -->
