<?xml version="1.0" encoding="UTF-8"?>
<!-- Generated by org.testng.reporters.JUnitReportReporter -->
<testsuite hostname="PKLAPTOP" name="com.hrms.hwtasks.RegisterEmailEtsy" tests="1" failures="0" timestamp="5 Feb 2021 21:26:03 GMT" time="37.733" errors="0">
  <testcase name="verifyEmail" time="37.733" classname="com.hrms.hwtasks.RegisterEmailEtsy"/>
</testsuite> <!-- com.hrms.hwtasks.RegisterEmailEtsy -->
