<?xml version="1.0" encoding="UTF-8"?>
<!-- Generated by org.testng.reporters.JUnitReportReporter -->
<testsuite hostname="PKLAPTOP" name="com.hrms.tests.OrangeHRMExcel" tests="1" failures="0" timestamp="5 Feb 2021 02:42:46 GMT" time="12.391" errors="0">
  <testcase name="getNameExcel" time="12.391" classname="com.hrms.tests.OrangeHRMExcel"/>
</testsuite> <!-- com.hrms.tests.OrangeHRMExcel -->
