<?xml version="1.0" encoding="UTF-8"?>
<!-- Generated by org.testng.reporters.JUnitReportReporter -->
<testsuite hostname="PKLAPTOP" name="com.hrms.tests.LoginTest" tests="1" failures="0" timestamp="3 Feb 2021 01:18:48 GMT" time="5.600" errors="0">
  <testcase name="loginFun" time="5.600" classname="com.hrms.tests.LoginTest"/>
</testsuite> <!-- com.hrms.tests.LoginTest -->
