<?xml version="1.0" encoding="UTF-8"?>
<!-- Generated by org.testng.reporters.JUnitReportReporter -->
<testsuite hostname="PKLAPTOP" name="com.hrms.tests.PriorityTesting" tests="1" failures="0" timestamp="25 Feb 2021 00:13:37 GMT" time="0.085" errors="0">
  <testcase name="test5" time="0.085" classname="com.hrms.tests.PriorityTesting"/>
</testsuite> <!-- com.hrms.tests.PriorityTesting -->
