<?xml version="1.0" encoding="UTF-8"?>
<!-- Generated by org.testng.reporters.JUnitReportReporter -->
<testsuite hostname="PKLAPTOP" name="com.hrms.tests.ParallelExecution" tests="3" failures="0" timestamp="29 Jan 2021 01:44:56 GMT" time="27.274" errors="0">
  <testcase name="edgeDriver" time="9.124" classname="com.hrms.tests.ParallelExecution"/>
  <testcase name="ChromeTest" time="10.315" classname="com.hrms.tests.ParallelExecution"/>
  <testcase name="ChromeTestHeadless" time="7.835" classname="com.hrms.tests.ParallelExecution"/>
</testsuite> <!-- com.hrms.tests.ParallelExecution -->
