<?xml version="1.0" encoding="UTF-8"?>
<!-- Generated by org.testng.reporters.JUnitReportReporter -->
<testsuite hostname="PKLAPTOP" name="com.hrms.tests.TestingAnnotations" tests="2" failures="0" timestamp="28 Jan 2021 03:00:57 GMT" time="0.008" errors="0">
  <testcase name="testCase2" time="0.005" classname="com.hrms.tests.TestingAnnotations"/>
  <testcase name="testCase1" time="0.003" classname="com.hrms.tests.TestingAnnotations"/>
</testsuite> <!-- com.hrms.tests.TestingAnnotations -->
