<?xml version="1.0" encoding="UTF-8"?>
<!-- Generated by org.testng.reporters.JUnitReportReporter -->
<testsuite hostname="PKLAPTOP" name="com.hrms.tests.PriorityTesting" tests="6" failures="0" timestamp="29 Jan 2021 20:14:06 GMT" time="0.049" errors="0">
  <testcase name="test6" time="0.016" classname="com.hrms.tests.PriorityTesting"/>
  <testcase name="test5" time="0.005" classname="com.hrms.tests.PriorityTesting"/>
  <testcase name="test4" time="0.020" classname="com.hrms.tests.PriorityTesting"/>
  <testcase name="test7" time="0.003" classname="com.hrms.tests.PriorityTesting"/>
  <testcase name="test2" time="0.002" classname="com.hrms.tests.PriorityTesting"/>
  <testcase name="test1" time="0.003" classname="com.hrms.tests.PriorityTesting"/>
</testsuite> <!-- com.hrms.tests.PriorityTesting -->
