<?xml version="1.0" encoding="UTF-8"?>
<!-- Generated by org.testng.reporters.JUnitReportReporter -->
<testsuite hostname="PKLAPTOP" name="com.hrms.tests.PriorityTesting" tests="1" failures="0" timestamp="28 Jan 2021 21:48:31 GMT" time="0.018" errors="0">
  <testcase name="test5" time="0.018" classname="com.hrms.tests.PriorityTesting"/>
</testsuite> <!-- com.hrms.tests.PriorityTesting -->
